[21-May-2023 16:16:04 UTC] PHP Deprecated:  Using ${var} in strings is deprecated, use {$var} instead in D:\xampp\htdocs\wordpress-6.1.1\wordpress\wp-content\plugins\simply-static\src\class-ss-query.php on line 397
[21-May-2023 16:16:04 UTC] PHP Deprecated:  Using ${var} in strings is deprecated, use {$var} instead in D:\xampp\htdocs\wordpress-6.1.1\wordpress\wp-content\plugins\wpforms-lite\vendor\woocommerce\action-scheduler\classes\schema\ActionScheduler_StoreSchema.php on line 46
[21-May-2023 16:16:04 UTC] PHP Deprecated:  Using ${var} in strings is deprecated, use {$var} instead in D:\xampp\htdocs\wordpress-6.1.1\wordpress\wp-content\plugins\wpforms-lite\vendor\woocommerce\action-scheduler\classes\schema\ActionScheduler_StoreSchema.php on line 50
[21-May-2023 16:16:04 UTC] PHP Deprecated:  Using ${var} in strings is deprecated, use {$var} instead in D:\xampp\htdocs\wordpress-6.1.1\wordpress\wp-content\plugins\wpforms-lite\vendor\woocommerce\action-scheduler\classes\schema\ActionScheduler_StoreSchema.php on line 52
[21-May-2023 16:16:04 UTC] PHP Deprecated:  Using ${var} in strings is deprecated, use {$var} instead in D:\xampp\htdocs\wordpress-6.1.1\wordpress\wp-content\plugins\wpforms-lite\vendor\woocommerce\action-scheduler\classes\schema\ActionScheduler_StoreSchema.php on line 56
[21-May-2023 16:16:04 UTC] PHP Deprecated:  Using ${var} in strings is deprecated, use {$var} instead in D:\xampp\htdocs\wordpress-6.1.1\wordpress\wp-content\plugins\wpforms-lite\vendor\woocommerce\action-scheduler\classes\schema\ActionScheduler_StoreSchema.php on line 72
[21-May-2023 16:16:04 UTC] PHP Deprecated:  Using ${var} in strings is deprecated, use {$var} instead in D:\xampp\htdocs\wordpress-6.1.1\wordpress\wp-content\plugins\wpforms-lite\vendor\woocommerce\action-scheduler\classes\schema\ActionScheduler_StoreSchema.php on line 114
[21-May-2023 16:16:04 UTC] PHP Deprecated:  Using ${var} in strings is deprecated, use {$var} instead in D:\xampp\htdocs\wordpress-6.1.1\wordpress\wp-content\plugins\wpforms-lite\vendor\woocommerce\action-scheduler\classes\schema\ActionScheduler_StoreSchema.php on line 118
[21-May-2023 16:16:04 UTC] PHP Deprecated:  Using ${var} in strings is deprecated, use {$var} instead in D:\xampp\htdocs\wordpress-6.1.1\wordpress\wp-content\plugins\wpforms-lite\vendor\woocommerce\action-scheduler\classes\schema\ActionScheduler_StoreSchema.php on line 119
[21-May-2023 16:16:04 UTC] PHP Deprecated:  Using ${var} in strings is deprecated, use {$var} instead in D:\xampp\htdocs\wordpress-6.1.1\wordpress\wp-content\plugins\wpforms-lite\vendor\woocommerce\action-scheduler\classes\schema\ActionScheduler_StoreSchema.php on line 120
[21-May-2023 16:16:04 UTC] PHP Deprecated:  Using ${var} in strings is deprecated, use {$var} instead in D:\xampp\htdocs\wordpress-6.1.1\wordpress\wp-content\plugins\wpforms-lite\vendor\woocommerce\action-scheduler\classes\schema\ActionScheduler_StoreSchema.php on line 121
[21-May-2023 16:16:04 UTC] PHP Deprecated:  Using ${var} in strings is deprecated, use {$var} instead in D:\xampp\htdocs\wordpress-6.1.1\wordpress\wp-content\plugins\wpforms-lite\vendor\woocommerce\action-scheduler\classes\schema\ActionScheduler_StoreSchema.php on line 122
[21-May-2023 16:16:04 UTC] PHP Deprecated:  Using ${var} in strings is deprecated, use {$var} instead in D:\xampp\htdocs\wordpress-6.1.1\wordpress\wp-content\plugins\wpforms-lite\vendor\woocommerce\action-scheduler\classes\schema\ActionScheduler_LoggerSchema.php on line 40
[21-May-2023 16:16:04 UTC] PHP Deprecated:  Using ${var} in strings is deprecated, use {$var} instead in D:\xampp\htdocs\wordpress-6.1.1\wordpress\wp-content\plugins\wpforms-lite\vendor\woocommerce\action-scheduler\classes\schema\ActionScheduler_LoggerSchema.php on line 44
[21-May-2023 16:16:04 UTC] PHP Deprecated:  Using ${var} in strings is deprecated, use {$var} instead in D:\xampp\htdocs\wordpress-6.1.1\wordpress\wp-content\plugins\wpforms-lite\vendor\woocommerce\action-scheduler\classes\schema\ActionScheduler_LoggerSchema.php on line 77
[21-May-2023 16:16:04 UTC] PHP Deprecated:  Using ${var} in strings is deprecated, use {$var} instead in D:\xampp\htdocs\wordpress-6.1.1\wordpress\wp-content\plugins\wpforms-lite\vendor\woocommerce\action-scheduler\classes\schema\ActionScheduler_LoggerSchema.php on line 81
[21-May-2023 16:16:04 UTC] PHP Deprecated:  Using ${var} in strings is deprecated, use {$var} instead in D:\xampp\htdocs\wordpress-6.1.1\wordpress\wp-content\plugins\wpforms-lite\vendor\woocommerce\action-scheduler\classes\schema\ActionScheduler_LoggerSchema.php on line 82
[21-May-2023 16:16:04 UTC] PHP Deprecated:  Using ${var} in strings is deprecated, use {$var} instead in D:\xampp\htdocs\wordpress-6.1.1\wordpress\wp-content\plugins\wpforms-lite\vendor\woocommerce\action-scheduler\classes\schema\ActionScheduler_LoggerSchema.php on line 83
[21-May-2023 16:16:04 UTC] PHP Warning:  Cannot modify header information - headers already sent by (output started at D:\xampp\htdocs\wordpress-6.1.1\wordpress\wp-content\plugins\wpforms-lite\vendor\woocommerce\action-scheduler\classes\schema\ActionScheduler_LoggerSchema.php:81) in D:\xampp\htdocs\wordpress-6.1.1\wordpress\wp-admin\includes\misc.php on line 1431
[21-May-2023 16:16:04 UTC] PHP Warning:  Cannot modify header information - headers already sent by (output started at D:\xampp\htdocs\wordpress-6.1.1\wordpress\wp-content\plugins\wpforms-lite\vendor\woocommerce\action-scheduler\classes\schema\ActionScheduler_LoggerSchema.php:81) in D:\xampp\htdocs\wordpress-6.1.1\wordpress\wp-includes\functions.php on line 6896
[21-May-2023 16:16:06 UTC] PHP Warning:  Cannot modify header information - headers already sent by (output started at D:\xampp\htdocs\wordpress-6.1.1\wordpress\wp-content\plugins\wpforms-lite\vendor\woocommerce\action-scheduler\classes\schema\ActionScheduler_LoggerSchema.php:81) in D:\xampp\htdocs\wordpress-6.1.1\wordpress\wp-admin\admin-header.php on line 9
[21-May-2023 16:16:11 UTC] PHP Deprecated:  Using ${var} in strings is deprecated, use {$var} instead in D:\xampp\htdocs\wordpress-6.1.1\wordpress\wp-content\plugins\simply-static\src\class-ss-query.php on line 397
[21-May-2023 16:16:12 UTC] PHP Deprecated:  Using ${var} in strings is deprecated, use {$var} instead in D:\xampp\htdocs\wordpress-6.1.1\wordpress\wp-content\plugins\wpforms-lite\vendor\woocommerce\action-scheduler\classes\schema\ActionScheduler_StoreSchema.php on line 46
[21-May-2023 16:16:12 UTC] PHP Deprecated:  Using ${var} in strings is deprecated, use {$var} instead in D:\xampp\htdocs\wordpress-6.1.1\wordpress\wp-content\plugins\wpforms-lite\vendor\woocommerce\action-scheduler\classes\schema\ActionScheduler_StoreSchema.php on line 50
[21-May-2023 16:16:12 UTC] PHP Deprecated:  Using ${var} in strings is deprecated, use {$var} instead in D:\xampp\htdocs\wordpress-6.1.1\wordpress\wp-content\plugins\wpforms-lite\vendor\woocommerce\action-scheduler\classes\schema\ActionScheduler_StoreSchema.php on line 52
[21-May-2023 16:16:12 UTC] PHP Deprecated:  Using ${var} in strings is deprecated, use {$var} instead in D:\xampp\htdocs\wordpress-6.1.1\wordpress\wp-content\plugins\wpforms-lite\vendor\woocommerce\action-scheduler\classes\schema\ActionScheduler_StoreSchema.php on line 56
[21-May-2023 16:16:12 UTC] PHP Deprecated:  Using ${var} in strings is deprecated, use {$var} instead in D:\xampp\htdocs\wordpress-6.1.1\wordpress\wp-content\plugins\wpforms-lite\vendor\woocommerce\action-scheduler\classes\schema\ActionScheduler_StoreSchema.php on line 72
[21-May-2023 16:16:12 UTC] PHP Deprecated:  Using ${var} in strings is deprecated, use {$var} instead in D:\xampp\htdocs\wordpress-6.1.1\wordpress\wp-content\plugins\wpforms-lite\vendor\woocommerce\action-scheduler\classes\schema\ActionScheduler_StoreSchema.php on line 114
[21-May-2023 16:16:12 UTC] PHP Deprecated:  Using ${var} in strings is deprecated, use {$var} instead in D:\xampp\htdocs\wordpress-6.1.1\wordpress\wp-content\plugins\wpforms-lite\vendor\woocommerce\action-scheduler\classes\schema\ActionScheduler_StoreSchema.php on line 118
[21-May-2023 16:16:12 UTC] PHP Deprecated:  Using ${var} in strings is deprecated, use {$var} instead in D:\xampp\htdocs\wordpress-6.1.1\wordpress\wp-content\plugins\wpforms-lite\vendor\woocommerce\action-scheduler\classes\schema\ActionScheduler_StoreSchema.php on line 119
[21-May-2023 16:16:12 UTC] PHP Deprecated:  Using ${var} in strings is deprecated, use {$var} instead in D:\xampp\htdocs\wordpress-6.1.1\wordpress\wp-content\plugins\wpforms-lite\vendor\woocommerce\action-scheduler\classes\schema\ActionScheduler_StoreSchema.php on line 120
[21-May-2023 16:16:12 UTC] PHP Deprecated:  Using ${var} in strings is deprecated, use {$var} instead in D:\xampp\htdocs\wordpress-6.1.1\wordpress\wp-content\plugins\wpforms-lite\vendor\woocommerce\action-scheduler\classes\schema\ActionScheduler_StoreSchema.php on line 121
[21-May-2023 16:16:12 UTC] PHP Deprecated:  Using ${var} in strings is deprecated, use {$var} instead in D:\xampp\htdocs\wordpress-6.1.1\wordpress\wp-content\plugins\wpforms-lite\vendor\woocommerce\action-scheduler\classes\schema\ActionScheduler_StoreSchema.php on line 122
[21-May-2023 16:16:12 UTC] PHP Deprecated:  Using ${var} in strings is deprecated, use {$var} instead in D:\xampp\htdocs\wordpress-6.1.1\wordpress\wp-content\plugins\wpforms-lite\vendor\woocommerce\action-scheduler\classes\schema\ActionScheduler_LoggerSchema.php on line 40
[21-May-2023 16:16:12 UTC] PHP Deprecated:  Using ${var} in strings is deprecated, use {$var} instead in D:\xampp\htdocs\wordpress-6.1.1\wordpress\wp-content\plugins\wpforms-lite\vendor\woocommerce\action-scheduler\classes\schema\ActionScheduler_LoggerSchema.php on line 44
[21-May-2023 16:16:12 UTC] PHP Deprecated:  Using ${var} in strings is deprecated, use {$var} instead in D:\xampp\htdocs\wordpress-6.1.1\wordpress\wp-content\plugins\wpforms-lite\vendor\woocommerce\action-scheduler\classes\schema\ActionScheduler_LoggerSchema.php on line 77
[21-May-2023 16:16:12 UTC] PHP Deprecated:  Using ${var} in strings is deprecated, use {$var} instead in D:\xampp\htdocs\wordpress-6.1.1\wordpress\wp-content\plugins\wpforms-lite\vendor\woocommerce\action-scheduler\classes\schema\ActionScheduler_LoggerSchema.php on line 81
[21-May-2023 16:16:12 UTC] PHP Deprecated:  Using ${var} in strings is deprecated, use {$var} instead in D:\xampp\htdocs\wordpress-6.1.1\wordpress\wp-content\plugins\wpforms-lite\vendor\woocommerce\action-scheduler\classes\schema\ActionScheduler_LoggerSchema.php on line 82
[21-May-2023 16:16:12 UTC] PHP Deprecated:  Using ${var} in strings is deprecated, use {$var} instead in D:\xampp\htdocs\wordpress-6.1.1\wordpress\wp-content\plugins\wpforms-lite\vendor\woocommerce\action-scheduler\classes\schema\ActionScheduler_LoggerSchema.php on line 83
[21-May-2023 16:16:12 UTC] PHP Warning:  Cannot modify header information - headers already sent by (output started at D:\xampp\htdocs\wordpress-6.1.1\wordpress\wp-content\plugins\wpforms-lite\vendor\woocommerce\action-scheduler\classes\schema\ActionScheduler_LoggerSchema.php:81) in D:\xampp\htdocs\wordpress-6.1.1\wordpress\wp-includes\http.php on line 497
[21-May-2023 16:16:12 UTC] PHP Warning:  Cannot modify header information - headers already sent by (output started at D:\xampp\htdocs\wordpress-6.1.1\wordpress\wp-content\plugins\wpforms-lite\vendor\woocommerce\action-scheduler\classes\schema\ActionScheduler_LoggerSchema.php:81) in D:\xampp\htdocs\wordpress-6.1.1\wordpress\wp-includes\http.php on line 498
[21-May-2023 16:16:12 UTC] PHP Warning:  Cannot modify header information - headers already sent by (output started at D:\xampp\htdocs\wordpress-6.1.1\wordpress\wp-content\plugins\wpforms-lite\vendor\woocommerce\action-scheduler\classes\schema\ActionScheduler_LoggerSchema.php:81) in D:\xampp\htdocs\wordpress-6.1.1\wordpress\wp-admin\admin-ajax.php on line 27
[21-May-2023 16:16:12 UTC] PHP Warning:  Cannot modify header information - headers already sent by (output started at D:\xampp\htdocs\wordpress-6.1.1\wordpress\wp-content\plugins\wpforms-lite\vendor\woocommerce\action-scheduler\classes\schema\ActionScheduler_LoggerSchema.php:81) in D:\xampp\htdocs\wordpress-6.1.1\wordpress\wp-admin\admin-ajax.php on line 28
[21-May-2023 16:16:12 UTC] PHP Warning:  Cannot modify header information - headers already sent by (output started at D:\xampp\htdocs\wordpress-6.1.1\wordpress\wp-content\plugins\wpforms-lite\vendor\woocommerce\action-scheduler\classes\schema\ActionScheduler_LoggerSchema.php:81) in D:\xampp\htdocs\wordpress-6.1.1\wordpress\wp-includes\functions.php on line 6782
[21-May-2023 16:16:12 UTC] PHP Warning:  Cannot modify header information - headers already sent by (output started at D:\xampp\htdocs\wordpress-6.1.1\wordpress\wp-content\plugins\wpforms-lite\vendor\woocommerce\action-scheduler\classes\schema\ActionScheduler_LoggerSchema.php:81) in D:\xampp\htdocs\wordpress-6.1.1\wordpress\wp-admin\includes\misc.php on line 1431
[21-May-2023 16:16:12 UTC] PHP Warning:  Cannot modify header information - headers already sent by (output started at D:\xampp\htdocs\wordpress-6.1.1\wordpress\wp-content\plugins\wpforms-lite\vendor\woocommerce\action-scheduler\classes\schema\ActionScheduler_LoggerSchema.php:81) in D:\xampp\htdocs\wordpress-6.1.1\wordpress\wp-includes\functions.php on line 6896
[21-May-2023 16:17:00 UTC] PHP Deprecated:  Using ${var} in strings is deprecated, use {$var} instead in D:\xampp\htdocs\wordpress-6.1.1\wordpress\wp-content\plugins\simply-static\src\class-ss-query.php on line 397
[21-May-2023 16:17:00 UTC] PHP Deprecated:  Using ${var} in strings is deprecated, use {$var} instead in D:\xampp\htdocs\wordpress-6.1.1\wordpress\wp-content\plugins\wpforms-lite\vendor\woocommerce\action-scheduler\classes\schema\ActionScheduler_StoreSchema.php on line 46
[21-May-2023 16:17:00 UTC] PHP Deprecated:  Using ${var} in strings is deprecated, use {$var} instead in D:\xampp\htdocs\wordpress-6.1.1\wordpress\wp-content\plugins\wpforms-lite\vendor\woocommerce\action-scheduler\classes\schema\ActionScheduler_StoreSchema.php on line 50
[21-May-2023 16:17:00 UTC] PHP Deprecated:  Using ${var} in strings is deprecated, use {$var} instead in D:\xampp\htdocs\wordpress-6.1.1\wordpress\wp-content\plugins\wpforms-lite\vendor\woocommerce\action-scheduler\classes\schema\ActionScheduler_StoreSchema.php on line 52
[21-May-2023 16:17:00 UTC] PHP Deprecated:  Using ${var} in strings is deprecated, use {$var} instead in D:\xampp\htdocs\wordpress-6.1.1\wordpress\wp-content\plugins\wpforms-lite\vendor\woocommerce\action-scheduler\classes\schema\ActionScheduler_StoreSchema.php on line 56
[21-May-2023 16:17:00 UTC] PHP Deprecated:  Using ${var} in strings is deprecated, use {$var} instead in D:\xampp\htdocs\wordpress-6.1.1\wordpress\wp-content\plugins\wpforms-lite\vendor\woocommerce\action-scheduler\classes\schema\ActionScheduler_StoreSchema.php on line 72
[21-May-2023 16:17:00 UTC] PHP Deprecated:  Using ${var} in strings is deprecated, use {$var} instead in D:\xampp\htdocs\wordpress-6.1.1\wordpress\wp-content\plugins\wpforms-lite\vendor\woocommerce\action-scheduler\classes\schema\ActionScheduler_StoreSchema.php on line 114
[21-May-2023 16:17:00 UTC] PHP Deprecated:  Using ${var} in strings is deprecated, use {$var} instead in D:\xampp\htdocs\wordpress-6.1.1\wordpress\wp-content\plugins\wpforms-lite\vendor\woocommerce\action-scheduler\classes\schema\ActionScheduler_StoreSchema.php on line 118
[21-May-2023 16:17:00 UTC] PHP Deprecated:  Using ${var} in strings is deprecated, use {$var} instead in D:\xampp\htdocs\wordpress-6.1.1\wordpress\wp-content\plugins\wpforms-lite\vendor\woocommerce\action-scheduler\classes\schema\ActionScheduler_StoreSchema.php on line 119
[21-May-2023 16:17:00 UTC] PHP Deprecated:  Using ${var} in strings is deprecated, use {$var} instead in D:\xampp\htdocs\wordpress-6.1.1\wordpress\wp-content\plugins\wpforms-lite\vendor\woocommerce\action-scheduler\classes\schema\ActionScheduler_StoreSchema.php on line 120
[21-May-2023 16:17:00 UTC] PHP Deprecated:  Using ${var} in strings is deprecated, use {$var} instead in D:\xampp\htdocs\wordpress-6.1.1\wordpress\wp-content\plugins\wpforms-lite\vendor\woocommerce\action-scheduler\classes\schema\ActionScheduler_StoreSchema.php on line 121
[21-May-2023 16:17:00 UTC] PHP Deprecated:  Using ${var} in strings is deprecated, use {$var} instead in D:\xampp\htdocs\wordpress-6.1.1\wordpress\wp-content\plugins\wpforms-lite\vendor\woocommerce\action-scheduler\classes\schema\ActionScheduler_StoreSchema.php on line 122
[21-May-2023 16:17:00 UTC] PHP Deprecated:  Using ${var} in strings is deprecated, use {$var} instead in D:\xampp\htdocs\wordpress-6.1.1\wordpress\wp-content\plugins\wpforms-lite\vendor\woocommerce\action-scheduler\classes\schema\ActionScheduler_LoggerSchema.php on line 40
[21-May-2023 16:17:00 UTC] PHP Deprecated:  Using ${var} in strings is deprecated, use {$var} instead in D:\xampp\htdocs\wordpress-6.1.1\wordpress\wp-content\plugins\wpforms-lite\vendor\woocommerce\action-scheduler\classes\schema\ActionScheduler_LoggerSchema.php on line 44
[21-May-2023 16:17:00 UTC] PHP Deprecated:  Using ${var} in strings is deprecated, use {$var} instead in D:\xampp\htdocs\wordpress-6.1.1\wordpress\wp-content\plugins\wpforms-lite\vendor\woocommerce\action-scheduler\classes\schema\ActionScheduler_LoggerSchema.php on line 77
[21-May-2023 16:17:00 UTC] PHP Deprecated:  Using ${var} in strings is deprecated, use {$var} instead in D:\xampp\htdocs\wordpress-6.1.1\wordpress\wp-content\plugins\wpforms-lite\vendor\woocommerce\action-scheduler\classes\schema\ActionScheduler_LoggerSchema.php on line 81
[21-May-2023 16:17:00 UTC] PHP Deprecated:  Using ${var} in strings is deprecated, use {$var} instead in D:\xampp\htdocs\wordpress-6.1.1\wordpress\wp-content\plugins\wpforms-lite\vendor\woocommerce\action-scheduler\classes\schema\ActionScheduler_LoggerSchema.php on line 82
[21-May-2023 16:17:00 UTC] PHP Deprecated:  Using ${var} in strings is deprecated, use {$var} instead in D:\xampp\htdocs\wordpress-6.1.1\wordpress\wp-content\plugins\wpforms-lite\vendor\woocommerce\action-scheduler\classes\schema\ActionScheduler_LoggerSchema.php on line 83
[21-May-2023 16:17:01 UTC] PHP Deprecated:  Using ${var} in strings is deprecated, use {$var} instead in D:\xampp\htdocs\wordpress-6.1.1\wordpress\wp-content\plugins\simply-static\src\class-ss-query.php on line 397
[21-May-2023 16:17:01 UTC] PHP Deprecated:  Using ${var} in strings is deprecated, use {$var} instead in D:\xampp\htdocs\wordpress-6.1.1\wordpress\wp-content\plugins\wpforms-lite\vendor\woocommerce\action-scheduler\classes\schema\ActionScheduler_StoreSchema.php on line 46
[21-May-2023 16:17:01 UTC] PHP Deprecated:  Using ${var} in strings is deprecated, use {$var} instead in D:\xampp\htdocs\wordpress-6.1.1\wordpress\wp-content\plugins\wpforms-lite\vendor\woocommerce\action-scheduler\classes\schema\ActionScheduler_StoreSchema.php on line 50
[21-May-2023 16:17:01 UTC] PHP Deprecated:  Using ${var} in strings is deprecated, use {$var} instead in D:\xampp\htdocs\wordpress-6.1.1\wordpress\wp-content\plugins\wpforms-lite\vendor\woocommerce\action-scheduler\classes\schema\ActionScheduler_StoreSchema.php on line 52
[21-May-2023 16:17:01 UTC] PHP Deprecated:  Using ${var} in strings is deprecated, use {$var} instead in D:\xampp\htdocs\wordpress-6.1.1\wordpress\wp-content\plugins\wpforms-lite\vendor\woocommerce\action-scheduler\classes\schema\ActionScheduler_StoreSchema.php on line 56
[21-May-2023 16:17:01 UTC] PHP Deprecated:  Using ${var} in strings is deprecated, use {$var} instead in D:\xampp\htdocs\wordpress-6.1.1\wordpress\wp-content\plugins\wpforms-lite\vendor\woocommerce\action-scheduler\classes\schema\ActionScheduler_StoreSchema.php on line 72
[21-May-2023 16:17:01 UTC] PHP Deprecated:  Using ${var} in strings is deprecated, use {$var} instead in D:\xampp\htdocs\wordpress-6.1.1\wordpress\wp-content\plugins\wpforms-lite\vendor\woocommerce\action-scheduler\classes\schema\ActionScheduler_StoreSchema.php on line 114
[21-May-2023 16:17:01 UTC] PHP Deprecated:  Using ${var} in strings is deprecated, use {$var} instead in D:\xampp\htdocs\wordpress-6.1.1\wordpress\wp-content\plugins\wpforms-lite\vendor\woocommerce\action-scheduler\classes\schema\ActionScheduler_StoreSchema.php on line 118
[21-May-2023 16:17:01 UTC] PHP Deprecated:  Using ${var} in strings is deprecated, use {$var} instead in D:\xampp\htdocs\wordpress-6.1.1\wordpress\wp-content\plugins\wpforms-lite\vendor\woocommerce\action-scheduler\classes\schema\ActionScheduler_StoreSchema.php on line 119
[21-May-2023 16:17:01 UTC] PHP Deprecated:  Using ${var} in strings is deprecated, use {$var} instead in D:\xampp\htdocs\wordpress-6.1.1\wordpress\wp-content\plugins\wpforms-lite\vendor\woocommerce\action-scheduler\classes\schema\ActionScheduler_StoreSchema.php on line 120
[21-May-2023 16:17:01 UTC] PHP Deprecated:  Using ${var} in strings is deprecated, use {$var} instead in D:\xampp\htdocs\wordpress-6.1.1\wordpress\wp-content\plugins\wpforms-lite\vendor\woocommerce\action-scheduler\classes\schema\ActionScheduler_StoreSchema.php on line 121
[21-May-2023 16:17:01 UTC] PHP Deprecated:  Using ${var} in strings is deprecated, use {$var} instead in D:\xampp\htdocs\wordpress-6.1.1\wordpress\wp-content\plugins\wpforms-lite\vendor\woocommerce\action-scheduler\classes\schema\ActionScheduler_StoreSchema.php on line 122
[21-May-2023 16:17:01 UTC] PHP Deprecated:  Using ${var} in strings is deprecated, use {$var} instead in D:\xampp\htdocs\wordpress-6.1.1\wordpress\wp-content\plugins\wpforms-lite\vendor\woocommerce\action-scheduler\classes\schema\ActionScheduler_LoggerSchema.php on line 40
[21-May-2023 16:17:01 UTC] PHP Deprecated:  Using ${var} in strings is deprecated, use {$var} instead in D:\xampp\htdocs\wordpress-6.1.1\wordpress\wp-content\plugins\wpforms-lite\vendor\woocommerce\action-scheduler\classes\schema\ActionScheduler_LoggerSchema.php on line 44
[21-May-2023 16:17:01 UTC] PHP Deprecated:  Using ${var} in strings is deprecated, use {$var} instead in D:\xampp\htdocs\wordpress-6.1.1\wordpress\wp-content\plugins\wpforms-lite\vendor\woocommerce\action-scheduler\classes\schema\ActionScheduler_LoggerSchema.php on line 77
[21-May-2023 16:17:01 UTC] PHP Deprecated:  Using ${var} in strings is deprecated, use {$var} instead in D:\xampp\htdocs\wordpress-6.1.1\wordpress\wp-content\plugins\wpforms-lite\vendor\woocommerce\action-scheduler\classes\schema\ActionScheduler_LoggerSchema.php on line 81
[21-May-2023 16:17:01 UTC] PHP Deprecated:  Using ${var} in strings is deprecated, use {$var} instead in D:\xampp\htdocs\wordpress-6.1.1\wordpress\wp-content\plugins\wpforms-lite\vendor\woocommerce\action-scheduler\classes\schema\ActionScheduler_LoggerSchema.php on line 82
[21-May-2023 16:17:01 UTC] PHP Deprecated:  Using ${var} in strings is deprecated, use {$var} instead in D:\xampp\htdocs\wordpress-6.1.1\wordpress\wp-content\plugins\wpforms-lite\vendor\woocommerce\action-scheduler\classes\schema\ActionScheduler_LoggerSchema.php on line 83
[21-May-2023 16:17:01 UTC] PHP Warning:  Cannot modify header information - headers already sent by (output started at D:\xampp\htdocs\wordpress-6.1.1\wordpress\wp-content\plugins\wpforms-lite\vendor\woocommerce\action-scheduler\classes\schema\ActionScheduler_LoggerSchema.php:81) in D:\xampp\htdocs\wordpress-6.1.1\wordpress\wp-admin\includes\misc.php on line 1431
[21-May-2023 16:17:01 UTC] PHP Warning:  Cannot modify header information - headers already sent by (output started at D:\xampp\htdocs\wordpress-6.1.1\wordpress\wp-content\plugins\wpforms-lite\vendor\woocommerce\action-scheduler\classes\schema\ActionScheduler_LoggerSchema.php:81) in D:\xampp\htdocs\wordpress-6.1.1\wordpress\wp-includes\functions.php on line 6896
[21-May-2023 16:17:01 UTC] PHP Warning:  Cannot modify header information - headers already sent by (output started at D:\xampp\htdocs\wordpress-6.1.1\wordpress\wp-content\plugins\wpforms-lite\vendor\woocommerce\action-scheduler\classes\schema\ActionScheduler_LoggerSchema.php:81) in D:\xampp\htdocs\wordpress-6.1.1\wordpress\wp-admin\admin-header.php on line 9
[21-May-2023 16:17:12 UTC] PHP Deprecated:  Using ${var} in strings is deprecated, use {$var} instead in D:\xampp\htdocs\wordpress-6.1.1\wordpress\wp-content\plugins\simply-static\src\class-ss-query.php on line 397
[21-May-2023 16:17:12 UTC] PHP Deprecated:  Using ${var} in strings is deprecated, use {$var} instead in D:\xampp\htdocs\wordpress-6.1.1\wordpress\wp-content\plugins\wpforms-lite\vendor\woocommerce\action-scheduler\classes\schema\ActionScheduler_StoreSchema.php on line 46
[21-May-2023 16:17:12 UTC] PHP Deprecated:  Using ${var} in strings is deprecated, use {$var} instead in D:\xampp\htdocs\wordpress-6.1.1\wordpress\wp-content\plugins\wpforms-lite\vendor\woocommerce\action-scheduler\classes\schema\ActionScheduler_StoreSchema.php on line 50
[21-May-2023 16:17:12 UTC] PHP Deprecated:  Using ${var} in strings is deprecated, use {$var} instead in D:\xampp\htdocs\wordpress-6.1.1\wordpress\wp-content\plugins\wpforms-lite\vendor\woocommerce\action-scheduler\classes\schema\ActionScheduler_StoreSchema.php on line 52
[21-May-2023 16:17:12 UTC] PHP Deprecated:  Using ${var} in strings is deprecated, use {$var} instead in D:\xampp\htdocs\wordpress-6.1.1\wordpress\wp-content\plugins\wpforms-lite\vendor\woocommerce\action-scheduler\classes\schema\ActionScheduler_StoreSchema.php on line 56
[21-May-2023 16:17:12 UTC] PHP Deprecated:  Using ${var} in strings is deprecated, use {$var} instead in D:\xampp\htdocs\wordpress-6.1.1\wordpress\wp-content\plugins\wpforms-lite\vendor\woocommerce\action-scheduler\classes\schema\ActionScheduler_StoreSchema.php on line 72
[21-May-2023 16:17:12 UTC] PHP Deprecated:  Using ${var} in strings is deprecated, use {$var} instead in D:\xampp\htdocs\wordpress-6.1.1\wordpress\wp-content\plugins\wpforms-lite\vendor\woocommerce\action-scheduler\classes\schema\ActionScheduler_StoreSchema.php on line 114
[21-May-2023 16:17:12 UTC] PHP Deprecated:  Using ${var} in strings is deprecated, use {$var} instead in D:\xampp\htdocs\wordpress-6.1.1\wordpress\wp-content\plugins\wpforms-lite\vendor\woocommerce\action-scheduler\classes\schema\ActionScheduler_StoreSchema.php on line 118
[21-May-2023 16:17:12 UTC] PHP Deprecated:  Using ${var} in strings is deprecated, use {$var} instead in D:\xampp\htdocs\wordpress-6.1.1\wordpress\wp-content\plugins\wpforms-lite\vendor\woocommerce\action-scheduler\classes\schema\ActionScheduler_StoreSchema.php on line 119
[21-May-2023 16:17:12 UTC] PHP Deprecated:  Using ${var} in strings is deprecated, use {$var} instead in D:\xampp\htdocs\wordpress-6.1.1\wordpress\wp-content\plugins\wpforms-lite\vendor\woocommerce\action-scheduler\classes\schema\ActionScheduler_StoreSchema.php on line 120
[21-May-2023 16:17:12 UTC] PHP Deprecated:  Using ${var} in strings is deprecated, use {$var} instead in D:\xampp\htdocs\wordpress-6.1.1\wordpress\wp-content\plugins\wpforms-lite\vendor\woocommerce\action-scheduler\classes\schema\ActionScheduler_StoreSchema.php on line 121
[21-May-2023 16:17:12 UTC] PHP Deprecated:  Using ${var} in strings is deprecated, use {$var} instead in D:\xampp\htdocs\wordpress-6.1.1\wordpress\wp-content\plugins\wpforms-lite\vendor\woocommerce\action-scheduler\classes\schema\ActionScheduler_StoreSchema.php on line 122
[21-May-2023 16:17:12 UTC] PHP Deprecated:  Using ${var} in strings is deprecated, use {$var} instead in D:\xampp\htdocs\wordpress-6.1.1\wordpress\wp-content\plugins\wpforms-lite\vendor\woocommerce\action-scheduler\classes\schema\ActionScheduler_LoggerSchema.php on line 40
[21-May-2023 16:17:12 UTC] PHP Deprecated:  Using ${var} in strings is deprecated, use {$var} instead in D:\xampp\htdocs\wordpress-6.1.1\wordpress\wp-content\plugins\wpforms-lite\vendor\woocommerce\action-scheduler\classes\schema\ActionScheduler_LoggerSchema.php on line 44
[21-May-2023 16:17:12 UTC] PHP Deprecated:  Using ${var} in strings is deprecated, use {$var} instead in D:\xampp\htdocs\wordpress-6.1.1\wordpress\wp-content\plugins\wpforms-lite\vendor\woocommerce\action-scheduler\classes\schema\ActionScheduler_LoggerSchema.php on line 77
[21-May-2023 16:17:12 UTC] PHP Deprecated:  Using ${var} in strings is deprecated, use {$var} instead in D:\xampp\htdocs\wordpress-6.1.1\wordpress\wp-content\plugins\wpforms-lite\vendor\woocommerce\action-scheduler\classes\schema\ActionScheduler_LoggerSchema.php on line 81
[21-May-2023 16:17:12 UTC] PHP Deprecated:  Using ${var} in strings is deprecated, use {$var} instead in D:\xampp\htdocs\wordpress-6.1.1\wordpress\wp-content\plugins\wpforms-lite\vendor\woocommerce\action-scheduler\classes\schema\ActionScheduler_LoggerSchema.php on line 82
[21-May-2023 16:17:12 UTC] PHP Deprecated:  Using ${var} in strings is deprecated, use {$var} instead in D:\xampp\htdocs\wordpress-6.1.1\wordpress\wp-content\plugins\wpforms-lite\vendor\woocommerce\action-scheduler\classes\schema\ActionScheduler_LoggerSchema.php on line 83
[21-May-2023 16:17:13 UTC] PHP Warning:  Cannot modify header information - headers already sent by (output started at D:\xampp\htdocs\wordpress-6.1.1\wordpress\wp-content\plugins\wpforms-lite\vendor\woocommerce\action-scheduler\classes\schema\ActionScheduler_LoggerSchema.php:81) in D:\xampp\htdocs\wordpress-6.1.1\wordpress\wp-admin\includes\misc.php on line 1431
[21-May-2023 16:17:13 UTC] PHP Warning:  Cannot modify header information - headers already sent by (output started at D:\xampp\htdocs\wordpress-6.1.1\wordpress\wp-content\plugins\wpforms-lite\vendor\woocommerce\action-scheduler\classes\schema\ActionScheduler_LoggerSchema.php:81) in D:\xampp\htdocs\wordpress-6.1.1\wordpress\wp-includes\functions.php on line 6896
[21-May-2023 16:17:13 UTC] PHP Warning:  Cannot modify header information - headers already sent by (output started at D:\xampp\htdocs\wordpress-6.1.1\wordpress\wp-content\plugins\wpforms-lite\vendor\woocommerce\action-scheduler\classes\schema\ActionScheduler_LoggerSchema.php:81) in D:\xampp\htdocs\wordpress-6.1.1\wordpress\wp-admin\admin-header.php on line 9
[21-May-2023 16:17:35 UTC] PHP Deprecated:  Using ${var} in strings is deprecated, use {$var} instead in D:\xampp\htdocs\wordpress-6.1.1\wordpress\wp-content\plugins\simply-static\src\class-ss-query.php on line 397
[21-May-2023 16:17:35 UTC] PHP Deprecated:  Using ${var} in strings is deprecated, use {$var} instead in D:\xampp\htdocs\wordpress-6.1.1\wordpress\wp-content\plugins\wpforms-lite\vendor\woocommerce\action-scheduler\classes\schema\ActionScheduler_StoreSchema.php on line 46
[21-May-2023 16:17:35 UTC] PHP Deprecated:  Using ${var} in strings is deprecated, use {$var} instead in D:\xampp\htdocs\wordpress-6.1.1\wordpress\wp-content\plugins\wpforms-lite\vendor\woocommerce\action-scheduler\classes\schema\ActionScheduler_StoreSchema.php on line 50
[21-May-2023 16:17:35 UTC] PHP Deprecated:  Using ${var} in strings is deprecated, use {$var} instead in D:\xampp\htdocs\wordpress-6.1.1\wordpress\wp-content\plugins\wpforms-lite\vendor\woocommerce\action-scheduler\classes\schema\ActionScheduler_StoreSchema.php on line 52
[21-May-2023 16:17:35 UTC] PHP Deprecated:  Using ${var} in strings is deprecated, use {$var} instead in D:\xampp\htdocs\wordpress-6.1.1\wordpress\wp-content\plugins\wpforms-lite\vendor\woocommerce\action-scheduler\classes\schema\ActionScheduler_StoreSchema.php on line 56
[21-May-2023 16:17:35 UTC] PHP Deprecated:  Using ${var} in strings is deprecated, use {$var} instead in D:\xampp\htdocs\wordpress-6.1.1\wordpress\wp-content\plugins\wpforms-lite\vendor\woocommerce\action-scheduler\classes\schema\ActionScheduler_StoreSchema.php on line 72
[21-May-2023 16:17:35 UTC] PHP Deprecated:  Using ${var} in strings is deprecated, use {$var} instead in D:\xampp\htdocs\wordpress-6.1.1\wordpress\wp-content\plugins\wpforms-lite\vendor\woocommerce\action-scheduler\classes\schema\ActionScheduler_StoreSchema.php on line 114
[21-May-2023 16:17:35 UTC] PHP Deprecated:  Using ${var} in strings is deprecated, use {$var} instead in D:\xampp\htdocs\wordpress-6.1.1\wordpress\wp-content\plugins\wpforms-lite\vendor\woocommerce\action-scheduler\classes\schema\ActionScheduler_StoreSchema.php on line 118
[21-May-2023 16:17:35 UTC] PHP Deprecated:  Using ${var} in strings is deprecated, use {$var} instead in D:\xampp\htdocs\wordpress-6.1.1\wordpress\wp-content\plugins\wpforms-lite\vendor\woocommerce\action-scheduler\classes\schema\ActionScheduler_StoreSchema.php on line 119
[21-May-2023 16:17:35 UTC] PHP Deprecated:  Using ${var} in strings is deprecated, use {$var} instead in D:\xampp\htdocs\wordpress-6.1.1\wordpress\wp-content\plugins\wpforms-lite\vendor\woocommerce\action-scheduler\classes\schema\ActionScheduler_StoreSchema.php on line 120
[21-May-2023 16:17:35 UTC] PHP Deprecated:  Using ${var} in strings is deprecated, use {$var} instead in D:\xampp\htdocs\wordpress-6.1.1\wordpress\wp-content\plugins\wpforms-lite\vendor\woocommerce\action-scheduler\classes\schema\ActionScheduler_StoreSchema.php on line 121
[21-May-2023 16:17:35 UTC] PHP Deprecated:  Using ${var} in strings is deprecated, use {$var} instead in D:\xampp\htdocs\wordpress-6.1.1\wordpress\wp-content\plugins\wpforms-lite\vendor\woocommerce\action-scheduler\classes\schema\ActionScheduler_StoreSchema.php on line 122
[21-May-2023 16:17:35 UTC] PHP Deprecated:  Using ${var} in strings is deprecated, use {$var} instead in D:\xampp\htdocs\wordpress-6.1.1\wordpress\wp-content\plugins\wpforms-lite\vendor\woocommerce\action-scheduler\classes\schema\ActionScheduler_LoggerSchema.php on line 40
[21-May-2023 16:17:35 UTC] PHP Deprecated:  Using ${var} in strings is deprecated, use {$var} instead in D:\xampp\htdocs\wordpress-6.1.1\wordpress\wp-content\plugins\wpforms-lite\vendor\woocommerce\action-scheduler\classes\schema\ActionScheduler_LoggerSchema.php on line 44
[21-May-2023 16:17:35 UTC] PHP Deprecated:  Using ${var} in strings is deprecated, use {$var} instead in D:\xampp\htdocs\wordpress-6.1.1\wordpress\wp-content\plugins\wpforms-lite\vendor\woocommerce\action-scheduler\classes\schema\ActionScheduler_LoggerSchema.php on line 77
[21-May-2023 16:17:35 UTC] PHP Deprecated:  Using ${var} in strings is deprecated, use {$var} instead in D:\xampp\htdocs\wordpress-6.1.1\wordpress\wp-content\plugins\wpforms-lite\vendor\woocommerce\action-scheduler\classes\schema\ActionScheduler_LoggerSchema.php on line 81
[21-May-2023 16:17:35 UTC] PHP Deprecated:  Using ${var} in strings is deprecated, use {$var} instead in D:\xampp\htdocs\wordpress-6.1.1\wordpress\wp-content\plugins\wpforms-lite\vendor\woocommerce\action-scheduler\classes\schema\ActionScheduler_LoggerSchema.php on line 82
[21-May-2023 16:17:35 UTC] PHP Deprecated:  Using ${var} in strings is deprecated, use {$var} instead in D:\xampp\htdocs\wordpress-6.1.1\wordpress\wp-content\plugins\wpforms-lite\vendor\woocommerce\action-scheduler\classes\schema\ActionScheduler_LoggerSchema.php on line 83
[21-May-2023 16:17:35 UTC] PHP Warning:  Cannot modify header information - headers already sent by (output started at D:\xampp\htdocs\wordpress-6.1.1\wordpress\wp-content\plugins\wpforms-lite\vendor\woocommerce\action-scheduler\classes\schema\ActionScheduler_LoggerSchema.php:81) in D:\xampp\htdocs\wordpress-6.1.1\wordpress\wp-admin\includes\misc.php on line 1431
[21-May-2023 16:17:35 UTC] PHP Warning:  Cannot modify header information - headers already sent by (output started at D:\xampp\htdocs\wordpress-6.1.1\wordpress\wp-content\plugins\wpforms-lite\vendor\woocommerce\action-scheduler\classes\schema\ActionScheduler_LoggerSchema.php:81) in D:\xampp\htdocs\wordpress-6.1.1\wordpress\wp-includes\functions.php on line 6896
[21-May-2023 16:17:35 UTC] PHP Warning:  Cannot modify header information - headers already sent by (output started at D:\xampp\htdocs\wordpress-6.1.1\wordpress\wp-content\plugins\wpforms-lite\vendor\woocommerce\action-scheduler\classes\schema\ActionScheduler_LoggerSchema.php:81) in D:\xampp\htdocs\wordpress-6.1.1\wordpress\wp-admin\admin-header.php on line 9
[21-May-2023 16:18:20 UTC] PHP Deprecated:  Using ${var} in strings is deprecated, use {$var} instead in D:\xampp\htdocs\wordpress-6.1.1\wordpress\wp-content\plugins\simply-static\src\class-ss-query.php on line 397
[21-May-2023 16:18:20 UTC] PHP Deprecated:  Using ${var} in strings is deprecated, use {$var} instead in D:\xampp\htdocs\wordpress-6.1.1\wordpress\wp-content\plugins\wpforms-lite\vendor\woocommerce\action-scheduler\classes\schema\ActionScheduler_StoreSchema.php on line 46
[21-May-2023 16:18:20 UTC] PHP Deprecated:  Using ${var} in strings is deprecated, use {$var} instead in D:\xampp\htdocs\wordpress-6.1.1\wordpress\wp-content\plugins\wpforms-lite\vendor\woocommerce\action-scheduler\classes\schema\ActionScheduler_StoreSchema.php on line 50
[21-May-2023 16:18:20 UTC] PHP Deprecated:  Using ${var} in strings is deprecated, use {$var} instead in D:\xampp\htdocs\wordpress-6.1.1\wordpress\wp-content\plugins\wpforms-lite\vendor\woocommerce\action-scheduler\classes\schema\ActionScheduler_StoreSchema.php on line 52
[21-May-2023 16:18:20 UTC] PHP Deprecated:  Using ${var} in strings is deprecated, use {$var} instead in D:\xampp\htdocs\wordpress-6.1.1\wordpress\wp-content\plugins\wpforms-lite\vendor\woocommerce\action-scheduler\classes\schema\ActionScheduler_StoreSchema.php on line 56
[21-May-2023 16:18:20 UTC] PHP Deprecated:  Using ${var} in strings is deprecated, use {$var} instead in D:\xampp\htdocs\wordpress-6.1.1\wordpress\wp-content\plugins\wpforms-lite\vendor\woocommerce\action-scheduler\classes\schema\ActionScheduler_StoreSchema.php on line 72
[21-May-2023 16:18:20 UTC] PHP Deprecated:  Using ${var} in strings is deprecated, use {$var} instead in D:\xampp\htdocs\wordpress-6.1.1\wordpress\wp-content\plugins\wpforms-lite\vendor\woocommerce\action-scheduler\classes\schema\ActionScheduler_StoreSchema.php on line 114
[21-May-2023 16:18:20 UTC] PHP Deprecated:  Using ${var} in strings is deprecated, use {$var} instead in D:\xampp\htdocs\wordpress-6.1.1\wordpress\wp-content\plugins\wpforms-lite\vendor\woocommerce\action-scheduler\classes\schema\ActionScheduler_StoreSchema.php on line 118
[21-May-2023 16:18:20 UTC] PHP Deprecated:  Using ${var} in strings is deprecated, use {$var} instead in D:\xampp\htdocs\wordpress-6.1.1\wordpress\wp-content\plugins\wpforms-lite\vendor\woocommerce\action-scheduler\classes\schema\ActionScheduler_StoreSchema.php on line 119
[21-May-2023 16:18:20 UTC] PHP Deprecated:  Using ${var} in strings is deprecated, use {$var} instead in D:\xampp\htdocs\wordpress-6.1.1\wordpress\wp-content\plugins\wpforms-lite\vendor\woocommerce\action-scheduler\classes\schema\ActionScheduler_StoreSchema.php on line 120
[21-May-2023 16:18:20 UTC] PHP Deprecated:  Using ${var} in strings is deprecated, use {$var} instead in D:\xampp\htdocs\wordpress-6.1.1\wordpress\wp-content\plugins\wpforms-lite\vendor\woocommerce\action-scheduler\classes\schema\ActionScheduler_StoreSchema.php on line 121
[21-May-2023 16:18:20 UTC] PHP Deprecated:  Using ${var} in strings is deprecated, use {$var} instead in D:\xampp\htdocs\wordpress-6.1.1\wordpress\wp-content\plugins\wpforms-lite\vendor\woocommerce\action-scheduler\classes\schema\ActionScheduler_StoreSchema.php on line 122
[21-May-2023 16:18:20 UTC] PHP Deprecated:  Using ${var} in strings is deprecated, use {$var} instead in D:\xampp\htdocs\wordpress-6.1.1\wordpress\wp-content\plugins\wpforms-lite\vendor\woocommerce\action-scheduler\classes\schema\ActionScheduler_LoggerSchema.php on line 40
[21-May-2023 16:18:20 UTC] PHP Deprecated:  Using ${var} in strings is deprecated, use {$var} instead in D:\xampp\htdocs\wordpress-6.1.1\wordpress\wp-content\plugins\wpforms-lite\vendor\woocommerce\action-scheduler\classes\schema\ActionScheduler_LoggerSchema.php on line 44
[21-May-2023 16:18:20 UTC] PHP Deprecated:  Using ${var} in strings is deprecated, use {$var} instead in D:\xampp\htdocs\wordpress-6.1.1\wordpress\wp-content\plugins\wpforms-lite\vendor\woocommerce\action-scheduler\classes\schema\ActionScheduler_LoggerSchema.php on line 77
[21-May-2023 16:18:20 UTC] PHP Deprecated:  Using ${var} in strings is deprecated, use {$var} instead in D:\xampp\htdocs\wordpress-6.1.1\wordpress\wp-content\plugins\wpforms-lite\vendor\woocommerce\action-scheduler\classes\schema\ActionScheduler_LoggerSchema.php on line 81
[21-May-2023 16:18:20 UTC] PHP Deprecated:  Using ${var} in strings is deprecated, use {$var} instead in D:\xampp\htdocs\wordpress-6.1.1\wordpress\wp-content\plugins\wpforms-lite\vendor\woocommerce\action-scheduler\classes\schema\ActionScheduler_LoggerSchema.php on line 82
[21-May-2023 16:18:20 UTC] PHP Deprecated:  Using ${var} in strings is deprecated, use {$var} instead in D:\xampp\htdocs\wordpress-6.1.1\wordpress\wp-content\plugins\wpforms-lite\vendor\woocommerce\action-scheduler\classes\schema\ActionScheduler_LoggerSchema.php on line 83
[21-May-2023 16:18:21 UTC] PHP Deprecated:  Using ${var} in strings is deprecated, use {$var} instead in D:\xampp\htdocs\wordpress-6.1.1\wordpress\wp-content\plugins\simply-static\src\class-ss-query.php on line 397
[21-May-2023 16:18:21 UTC] PHP Deprecated:  Using ${var} in strings is deprecated, use {$var} instead in D:\xampp\htdocs\wordpress-6.1.1\wordpress\wp-content\plugins\wpforms-lite\vendor\woocommerce\action-scheduler\classes\schema\ActionScheduler_StoreSchema.php on line 46
[21-May-2023 16:18:21 UTC] PHP Deprecated:  Using ${var} in strings is deprecated, use {$var} instead in D:\xampp\htdocs\wordpress-6.1.1\wordpress\wp-content\plugins\wpforms-lite\vendor\woocommerce\action-scheduler\classes\schema\ActionScheduler_StoreSchema.php on line 50
[21-May-2023 16:18:21 UTC] PHP Deprecated:  Using ${var} in strings is deprecated, use {$var} instead in D:\xampp\htdocs\wordpress-6.1.1\wordpress\wp-content\plugins\wpforms-lite\vendor\woocommerce\action-scheduler\classes\schema\ActionScheduler_StoreSchema.php on line 52
[21-May-2023 16:18:21 UTC] PHP Deprecated:  Using ${var} in strings is deprecated, use {$var} instead in D:\xampp\htdocs\wordpress-6.1.1\wordpress\wp-content\plugins\wpforms-lite\vendor\woocommerce\action-scheduler\classes\schema\ActionScheduler_StoreSchema.php on line 56
[21-May-2023 16:18:21 UTC] PHP Deprecated:  Using ${var} in strings is deprecated, use {$var} instead in D:\xampp\htdocs\wordpress-6.1.1\wordpress\wp-content\plugins\wpforms-lite\vendor\woocommerce\action-scheduler\classes\schema\ActionScheduler_StoreSchema.php on line 72
[21-May-2023 16:18:21 UTC] PHP Deprecated:  Using ${var} in strings is deprecated, use {$var} instead in D:\xampp\htdocs\wordpress-6.1.1\wordpress\wp-content\plugins\wpforms-lite\vendor\woocommerce\action-scheduler\classes\schema\ActionScheduler_StoreSchema.php on line 114
[21-May-2023 16:18:21 UTC] PHP Deprecated:  Using ${var} in strings is deprecated, use {$var} instead in D:\xampp\htdocs\wordpress-6.1.1\wordpress\wp-content\plugins\wpforms-lite\vendor\woocommerce\action-scheduler\classes\schema\ActionScheduler_StoreSchema.php on line 118
[21-May-2023 16:18:21 UTC] PHP Deprecated:  Using ${var} in strings is deprecated, use {$var} instead in D:\xampp\htdocs\wordpress-6.1.1\wordpress\wp-content\plugins\wpforms-lite\vendor\woocommerce\action-scheduler\classes\schema\ActionScheduler_StoreSchema.php on line 119
[21-May-2023 16:18:21 UTC] PHP Deprecated:  Using ${var} in strings is deprecated, use {$var} instead in D:\xampp\htdocs\wordpress-6.1.1\wordpress\wp-content\plugins\wpforms-lite\vendor\woocommerce\action-scheduler\classes\schema\ActionScheduler_StoreSchema.php on line 120
[21-May-2023 16:18:21 UTC] PHP Deprecated:  Using ${var} in strings is deprecated, use {$var} instead in D:\xampp\htdocs\wordpress-6.1.1\wordpress\wp-content\plugins\wpforms-lite\vendor\woocommerce\action-scheduler\classes\schema\ActionScheduler_StoreSchema.php on line 121
[21-May-2023 16:18:21 UTC] PHP Deprecated:  Using ${var} in strings is deprecated, use {$var} instead in D:\xampp\htdocs\wordpress-6.1.1\wordpress\wp-content\plugins\wpforms-lite\vendor\woocommerce\action-scheduler\classes\schema\ActionScheduler_StoreSchema.php on line 122
[21-May-2023 16:18:21 UTC] PHP Deprecated:  Using ${var} in strings is deprecated, use {$var} instead in D:\xampp\htdocs\wordpress-6.1.1\wordpress\wp-content\plugins\wpforms-lite\vendor\woocommerce\action-scheduler\classes\schema\ActionScheduler_LoggerSchema.php on line 40
[21-May-2023 16:18:21 UTC] PHP Deprecated:  Using ${var} in strings is deprecated, use {$var} instead in D:\xampp\htdocs\wordpress-6.1.1\wordpress\wp-content\plugins\wpforms-lite\vendor\woocommerce\action-scheduler\classes\schema\ActionScheduler_LoggerSchema.php on line 44
[21-May-2023 16:18:21 UTC] PHP Deprecated:  Using ${var} in strings is deprecated, use {$var} instead in D:\xampp\htdocs\wordpress-6.1.1\wordpress\wp-content\plugins\wpforms-lite\vendor\woocommerce\action-scheduler\classes\schema\ActionScheduler_LoggerSchema.php on line 77
[21-May-2023 16:18:21 UTC] PHP Deprecated:  Using ${var} in strings is deprecated, use {$var} instead in D:\xampp\htdocs\wordpress-6.1.1\wordpress\wp-content\plugins\wpforms-lite\vendor\woocommerce\action-scheduler\classes\schema\ActionScheduler_LoggerSchema.php on line 81
[21-May-2023 16:18:21 UTC] PHP Deprecated:  Using ${var} in strings is deprecated, use {$var} instead in D:\xampp\htdocs\wordpress-6.1.1\wordpress\wp-content\plugins\wpforms-lite\vendor\woocommerce\action-scheduler\classes\schema\ActionScheduler_LoggerSchema.php on line 82
[21-May-2023 16:18:21 UTC] PHP Deprecated:  Using ${var} in strings is deprecated, use {$var} instead in D:\xampp\htdocs\wordpress-6.1.1\wordpress\wp-content\plugins\wpforms-lite\vendor\woocommerce\action-scheduler\classes\schema\ActionScheduler_LoggerSchema.php on line 83
[21-May-2023 16:18:22 UTC] PHP Warning:  Cannot modify header information - headers already sent by (output started at D:\xampp\htdocs\wordpress-6.1.1\wordpress\wp-content\plugins\wpforms-lite\vendor\woocommerce\action-scheduler\classes\schema\ActionScheduler_LoggerSchema.php:81) in D:\xampp\htdocs\wordpress-6.1.1\wordpress\wp-admin\includes\misc.php on line 1431
[21-May-2023 16:18:22 UTC] PHP Warning:  Cannot modify header information - headers already sent by (output started at D:\xampp\htdocs\wordpress-6.1.1\wordpress\wp-content\plugins\wpforms-lite\vendor\woocommerce\action-scheduler\classes\schema\ActionScheduler_LoggerSchema.php:81) in D:\xampp\htdocs\wordpress-6.1.1\wordpress\wp-includes\functions.php on line 6896
[21-May-2023 16:18:22 UTC] PHP Warning:  Cannot modify header information - headers already sent by (output started at D:\xampp\htdocs\wordpress-6.1.1\wordpress\wp-content\plugins\wpforms-lite\vendor\woocommerce\action-scheduler\classes\schema\ActionScheduler_LoggerSchema.php:81) in D:\xampp\htdocs\wordpress-6.1.1\wordpress\wp-admin\admin-header.php on line 9
[21-May-2023 16:18:51 UTC] PHP Deprecated:  Using ${var} in strings is deprecated, use {$var} instead in D:\xampp\htdocs\wordpress-6.1.1\wordpress\wp-content\plugins\simply-static\src\class-ss-query.php on line 397
[21-May-2023 16:18:52 UTC] PHP Deprecated:  Using ${var} in strings is deprecated, use {$var} instead in D:\xampp\htdocs\wordpress-6.1.1\wordpress\wp-content\plugins\wpforms-lite\vendor\woocommerce\action-scheduler\classes\schema\ActionScheduler_StoreSchema.php on line 46
[21-May-2023 16:18:52 UTC] PHP Deprecated:  Using ${var} in strings is deprecated, use {$var} instead in D:\xampp\htdocs\wordpress-6.1.1\wordpress\wp-content\plugins\wpforms-lite\vendor\woocommerce\action-scheduler\classes\schema\ActionScheduler_StoreSchema.php on line 50
[21-May-2023 16:18:52 UTC] PHP Deprecated:  Using ${var} in strings is deprecated, use {$var} instead in D:\xampp\htdocs\wordpress-6.1.1\wordpress\wp-content\plugins\wpforms-lite\vendor\woocommerce\action-scheduler\classes\schema\ActionScheduler_StoreSchema.php on line 52
[21-May-2023 16:18:52 UTC] PHP Deprecated:  Using ${var} in strings is deprecated, use {$var} instead in D:\xampp\htdocs\wordpress-6.1.1\wordpress\wp-content\plugins\wpforms-lite\vendor\woocommerce\action-scheduler\classes\schema\ActionScheduler_StoreSchema.php on line 56
[21-May-2023 16:18:52 UTC] PHP Deprecated:  Using ${var} in strings is deprecated, use {$var} instead in D:\xampp\htdocs\wordpress-6.1.1\wordpress\wp-content\plugins\wpforms-lite\vendor\woocommerce\action-scheduler\classes\schema\ActionScheduler_StoreSchema.php on line 72
[21-May-2023 16:18:52 UTC] PHP Deprecated:  Using ${var} in strings is deprecated, use {$var} instead in D:\xampp\htdocs\wordpress-6.1.1\wordpress\wp-content\plugins\wpforms-lite\vendor\woocommerce\action-scheduler\classes\schema\ActionScheduler_StoreSchema.php on line 114
[21-May-2023 16:18:52 UTC] PHP Deprecated:  Using ${var} in strings is deprecated, use {$var} instead in D:\xampp\htdocs\wordpress-6.1.1\wordpress\wp-content\plugins\wpforms-lite\vendor\woocommerce\action-scheduler\classes\schema\ActionScheduler_StoreSchema.php on line 118
[21-May-2023 16:18:52 UTC] PHP Deprecated:  Using ${var} in strings is deprecated, use {$var} instead in D:\xampp\htdocs\wordpress-6.1.1\wordpress\wp-content\plugins\wpforms-lite\vendor\woocommerce\action-scheduler\classes\schema\ActionScheduler_StoreSchema.php on line 119
[21-May-2023 16:18:52 UTC] PHP Deprecated:  Using ${var} in strings is deprecated, use {$var} instead in D:\xampp\htdocs\wordpress-6.1.1\wordpress\wp-content\plugins\wpforms-lite\vendor\woocommerce\action-scheduler\classes\schema\ActionScheduler_StoreSchema.php on line 120
[21-May-2023 16:18:52 UTC] PHP Deprecated:  Using ${var} in strings is deprecated, use {$var} instead in D:\xampp\htdocs\wordpress-6.1.1\wordpress\wp-content\plugins\wpforms-lite\vendor\woocommerce\action-scheduler\classes\schema\ActionScheduler_StoreSchema.php on line 121
[21-May-2023 16:18:52 UTC] PHP Deprecated:  Using ${var} in strings is deprecated, use {$var} instead in D:\xampp\htdocs\wordpress-6.1.1\wordpress\wp-content\plugins\wpforms-lite\vendor\woocommerce\action-scheduler\classes\schema\ActionScheduler_StoreSchema.php on line 122
[21-May-2023 16:18:52 UTC] PHP Deprecated:  Using ${var} in strings is deprecated, use {$var} instead in D:\xampp\htdocs\wordpress-6.1.1\wordpress\wp-content\plugins\wpforms-lite\vendor\woocommerce\action-scheduler\classes\schema\ActionScheduler_LoggerSchema.php on line 40
[21-May-2023 16:18:52 UTC] PHP Deprecated:  Using ${var} in strings is deprecated, use {$var} instead in D:\xampp\htdocs\wordpress-6.1.1\wordpress\wp-content\plugins\wpforms-lite\vendor\woocommerce\action-scheduler\classes\schema\ActionScheduler_LoggerSchema.php on line 44
[21-May-2023 16:18:52 UTC] PHP Deprecated:  Using ${var} in strings is deprecated, use {$var} instead in D:\xampp\htdocs\wordpress-6.1.1\wordpress\wp-content\plugins\wpforms-lite\vendor\woocommerce\action-scheduler\classes\schema\ActionScheduler_LoggerSchema.php on line 77
[21-May-2023 16:18:52 UTC] PHP Deprecated:  Using ${var} in strings is deprecated, use {$var} instead in D:\xampp\htdocs\wordpress-6.1.1\wordpress\wp-content\plugins\wpforms-lite\vendor\woocommerce\action-scheduler\classes\schema\ActionScheduler_LoggerSchema.php on line 81
[21-May-2023 16:18:52 UTC] PHP Deprecated:  Using ${var} in strings is deprecated, use {$var} instead in D:\xampp\htdocs\wordpress-6.1.1\wordpress\wp-content\plugins\wpforms-lite\vendor\woocommerce\action-scheduler\classes\schema\ActionScheduler_LoggerSchema.php on line 82
[21-May-2023 16:18:52 UTC] PHP Deprecated:  Using ${var} in strings is deprecated, use {$var} instead in D:\xampp\htdocs\wordpress-6.1.1\wordpress\wp-content\plugins\wpforms-lite\vendor\woocommerce\action-scheduler\classes\schema\ActionScheduler_LoggerSchema.php on line 83
[21-May-2023 16:18:52 UTC] PHP Deprecated:  Using ${var} in strings is deprecated, use {$var} instead in D:\xampp\htdocs\wordpress-6.1.1\wordpress\wp-content\plugins\simply-static\src\class-ss-query.php on line 397
[21-May-2023 16:18:52 UTC] PHP Deprecated:  Using ${var} in strings is deprecated, use {$var} instead in D:\xampp\htdocs\wordpress-6.1.1\wordpress\wp-content\plugins\wpforms-lite\vendor\woocommerce\action-scheduler\classes\schema\ActionScheduler_StoreSchema.php on line 46
[21-May-2023 16:18:52 UTC] PHP Deprecated:  Using ${var} in strings is deprecated, use {$var} instead in D:\xampp\htdocs\wordpress-6.1.1\wordpress\wp-content\plugins\wpforms-lite\vendor\woocommerce\action-scheduler\classes\schema\ActionScheduler_StoreSchema.php on line 50
[21-May-2023 16:18:52 UTC] PHP Deprecated:  Using ${var} in strings is deprecated, use {$var} instead in D:\xampp\htdocs\wordpress-6.1.1\wordpress\wp-content\plugins\wpforms-lite\vendor\woocommerce\action-scheduler\classes\schema\ActionScheduler_StoreSchema.php on line 52
[21-May-2023 16:18:52 UTC] PHP Deprecated:  Using ${var} in strings is deprecated, use {$var} instead in D:\xampp\htdocs\wordpress-6.1.1\wordpress\wp-content\plugins\wpforms-lite\vendor\woocommerce\action-scheduler\classes\schema\ActionScheduler_StoreSchema.php on line 56
[21-May-2023 16:18:52 UTC] PHP Deprecated:  Using ${var} in strings is deprecated, use {$var} instead in D:\xampp\htdocs\wordpress-6.1.1\wordpress\wp-content\plugins\wpforms-lite\vendor\woocommerce\action-scheduler\classes\schema\ActionScheduler_StoreSchema.php on line 72
[21-May-2023 16:18:52 UTC] PHP Deprecated:  Using ${var} in strings is deprecated, use {$var} instead in D:\xampp\htdocs\wordpress-6.1.1\wordpress\wp-content\plugins\wpforms-lite\vendor\woocommerce\action-scheduler\classes\schema\ActionScheduler_StoreSchema.php on line 114
[21-May-2023 16:18:52 UTC] PHP Deprecated:  Using ${var} in strings is deprecated, use {$var} instead in D:\xampp\htdocs\wordpress-6.1.1\wordpress\wp-content\plugins\wpforms-lite\vendor\woocommerce\action-scheduler\classes\schema\ActionScheduler_StoreSchema.php on line 118
[21-May-2023 16:18:52 UTC] PHP Deprecated:  Using ${var} in strings is deprecated, use {$var} instead in D:\xampp\htdocs\wordpress-6.1.1\wordpress\wp-content\plugins\wpforms-lite\vendor\woocommerce\action-scheduler\classes\schema\ActionScheduler_StoreSchema.php on line 119
[21-May-2023 16:18:52 UTC] PHP Deprecated:  Using ${var} in strings is deprecated, use {$var} instead in D:\xampp\htdocs\wordpress-6.1.1\wordpress\wp-content\plugins\wpforms-lite\vendor\woocommerce\action-scheduler\classes\schema\ActionScheduler_StoreSchema.php on line 120
[21-May-2023 16:18:52 UTC] PHP Deprecated:  Using ${var} in strings is deprecated, use {$var} instead in D:\xampp\htdocs\wordpress-6.1.1\wordpress\wp-content\plugins\wpforms-lite\vendor\woocommerce\action-scheduler\classes\schema\ActionScheduler_StoreSchema.php on line 121
[21-May-2023 16:18:52 UTC] PHP Deprecated:  Using ${var} in strings is deprecated, use {$var} instead in D:\xampp\htdocs\wordpress-6.1.1\wordpress\wp-content\plugins\wpforms-lite\vendor\woocommerce\action-scheduler\classes\schema\ActionScheduler_StoreSchema.php on line 122
[21-May-2023 16:18:52 UTC] PHP Deprecated:  Using ${var} in strings is deprecated, use {$var} instead in D:\xampp\htdocs\wordpress-6.1.1\wordpress\wp-content\plugins\wpforms-lite\vendor\woocommerce\action-scheduler\classes\schema\ActionScheduler_LoggerSchema.php on line 40
[21-May-2023 16:18:52 UTC] PHP Deprecated:  Using ${var} in strings is deprecated, use {$var} instead in D:\xampp\htdocs\wordpress-6.1.1\wordpress\wp-content\plugins\wpforms-lite\vendor\woocommerce\action-scheduler\classes\schema\ActionScheduler_LoggerSchema.php on line 44
[21-May-2023 16:18:52 UTC] PHP Deprecated:  Using ${var} in strings is deprecated, use {$var} instead in D:\xampp\htdocs\wordpress-6.1.1\wordpress\wp-content\plugins\wpforms-lite\vendor\woocommerce\action-scheduler\classes\schema\ActionScheduler_LoggerSchema.php on line 77
[21-May-2023 16:18:52 UTC] PHP Deprecated:  Using ${var} in strings is deprecated, use {$var} instead in D:\xampp\htdocs\wordpress-6.1.1\wordpress\wp-content\plugins\wpforms-lite\vendor\woocommerce\action-scheduler\classes\schema\ActionScheduler_LoggerSchema.php on line 81
[21-May-2023 16:18:52 UTC] PHP Deprecated:  Using ${var} in strings is deprecated, use {$var} instead in D:\xampp\htdocs\wordpress-6.1.1\wordpress\wp-content\plugins\wpforms-lite\vendor\woocommerce\action-scheduler\classes\schema\ActionScheduler_LoggerSchema.php on line 82
[21-May-2023 16:18:52 UTC] PHP Deprecated:  Using ${var} in strings is deprecated, use {$var} instead in D:\xampp\htdocs\wordpress-6.1.1\wordpress\wp-content\plugins\wpforms-lite\vendor\woocommerce\action-scheduler\classes\schema\ActionScheduler_LoggerSchema.php on line 83
[21-May-2023 16:18:53 UTC] PHP Warning:  Cannot modify header information - headers already sent by (output started at D:\xampp\htdocs\wordpress-6.1.1\wordpress\wp-content\plugins\wpforms-lite\vendor\woocommerce\action-scheduler\classes\schema\ActionScheduler_LoggerSchema.php:81) in D:\xampp\htdocs\wordpress-6.1.1\wordpress\wp-admin\includes\misc.php on line 1431
[21-May-2023 16:18:53 UTC] PHP Warning:  Cannot modify header information - headers already sent by (output started at D:\xampp\htdocs\wordpress-6.1.1\wordpress\wp-content\plugins\wpforms-lite\vendor\woocommerce\action-scheduler\classes\schema\ActionScheduler_LoggerSchema.php:81) in D:\xampp\htdocs\wordpress-6.1.1\wordpress\wp-includes\functions.php on line 6896
[21-May-2023 16:18:53 UTC] PHP Warning:  Cannot modify header information - headers already sent by (output started at D:\xampp\htdocs\wordpress-6.1.1\wordpress\wp-content\plugins\wpforms-lite\vendor\woocommerce\action-scheduler\classes\schema\ActionScheduler_LoggerSchema.php:81) in D:\xampp\htdocs\wordpress-6.1.1\wordpress\wp-includes\pluggable.php on line 1427
[21-May-2023 16:18:53 UTC] PHP Warning:  Cannot modify header information - headers already sent by (output started at D:\xampp\htdocs\wordpress-6.1.1\wordpress\wp-content\plugins\wpforms-lite\vendor\woocommerce\action-scheduler\classes\schema\ActionScheduler_LoggerSchema.php:81) in D:\xampp\htdocs\wordpress-6.1.1\wordpress\wp-includes\pluggable.php on line 1430
